{"/Users/yoann/dev/weekly-picture-selector/src/main/database.ts": {"path":"/Users/yoann/dev/weekly-picture-selector/src/main/database.ts","statementMap":{"0":{"start":{"line":8,"column":0},"end":{"line":8,"column":16}},"1":{"start":{"line":81,"column":0},"end":{"line":81,"column":16}},"2":{"start":{"line":88,"column":0},"end":{"line":88,"column":16}},"3":{"start":{"line":96,"column":0},"end":{"line":96,"column":16}},"4":{"start":{"line":122,"column":0},"end":{"line":122,"column":16}},"5":{"start":{"line":134,"column":0},"end":{"line":134,"column":16}},"6":{"start":{"line":148,"column":0},"end":{"line":148,"column":16}},"7":{"start":{"line":162,"column":0},"end":{"line":162,"column":16}},"8":{"start":{"line":175,"column":0},"end":{"line":175,"column":16}},"9":{"start":{"line":1,"column":0},"end":{"line":1,"column":38}},"10":{"start":{"line":2,"column":0},"end":{"line":2,"column":24}},"11":{"start":{"line":3,"column":0},"end":{"line":3,"column":31}},"12":{"start":{"line":6,"column":35},"end":{"line":6,"column":39}},"13":{"start":{"line":9,"column":23},"end":{"line":9,"column":46}},"14":{"start":{"line":10,"column":17},"end":{"line":10,"column":53}},"15":{"start":{"line":12,"column":2},"end":{"line":12,"column":28}},"16":{"start":{"line":13,"column":2},"end":{"line":13,"column":34}},"17":{"start":{"line":16,"column":2},"end":{"line":16,"column":17}},"18":{"start":{"line":18,"column":2},"end":{"line":18,"column":12}},"19":{"start":{"line":22,"column":2},"end":{"line":22,"column":18}},"20":{"start":{"line":22,"column":11},"end":{"line":22,"column":18}},"21":{"start":{"line":25,"column":2},"end":{"line":40,"column":5}},"22":{"start":{"line":43,"column":2},"end":{"line":47,"column":5}},"23":{"start":{"line":50,"column":2},"end":{"line":60,"column":5}},"24":{"start":{"line":63,"column":2},"end":{"line":70,"column":5}},"25":{"start":{"line":73,"column":2},"end":{"line":78,"column":5}},"26":{"start":{"line":82,"column":2},"end":{"line":84,"column":3}},"27":{"start":{"line":83,"column":4},"end":{"line":83,"column":48}},"28":{"start":{"line":85,"column":2},"end":{"line":85,"column":12}},"29":{"start":{"line":89,"column":2},"end":{"line":92,"column":3}},"30":{"start":{"line":90,"column":4},"end":{"line":90,"column":15}},"31":{"start":{"line":91,"column":4},"end":{"line":91,"column":14}},"32":{"start":{"line":97,"column":13},"end":{"line":97,"column":26}},"33":{"start":{"line":99,"column":15},"end":{"line":104,"column":4}},"34":{"start":{"line":106,"column":15},"end":{"line":116,"column":null}},"35":{"start":{"line":119,"column":2},"end":{"line":119,"column":40}},"36":{"start":{"line":123,"column":13},"end":{"line":123,"column":26}},"37":{"start":{"line":125,"column":15},"end":{"line":127,"column":4}},"38":{"start":{"line":129,"column":15},"end":{"line":129,"column":34}},"39":{"start":{"line":131,"column":2},"end":{"line":131,"column":30}},"40":{"start":{"line":135,"column":13},"end":{"line":135,"column":26}},"41":{"start":{"line":137,"column":15},"end":{"line":141,"column":4}},"42":{"start":{"line":143,"column":15},"end":{"line":143,"column":50}},"43":{"start":{"line":145,"column":2},"end":{"line":145,"column":30}},"44":{"start":{"line":149,"column":13},"end":{"line":149,"column":26}},"45":{"start":{"line":151,"column":15},"end":{"line":155,"column":4}},"46":{"start":{"line":157,"column":15},"end":{"line":157,"column":32}},"47":{"start":{"line":159,"column":2},"end":{"line":159,"column":26}},"48":{"start":{"line":163,"column":13},"end":{"line":163,"column":26}},"49":{"start":{"line":165,"column":15},"end":{"line":168,"column":4}},"50":{"start":{"line":170,"column":15},"end":{"line":170,"column":34}},"51":{"start":{"line":172,"column":2},"end":{"line":172,"column":30}},"52":{"start":{"line":176,"column":13},"end":{"line":176,"column":26}},"53":{"start":{"line":177,"column":2},"end":{"line":177,"column":32}},"54":{"start":{"line":182,"column":2},"end":{"line":195,"column":4}}},"fnMap":{"0":{"name":"initDatabase","decl":{"start":{"line":8,"column":16},"end":{"line":8,"column":28}},"loc":{"start":{"line":8,"column":28},"end":{"line":19,"column":1}}},"1":{"name":"createTables","decl":{"start":{"line":21,"column":9},"end":{"line":21,"column":21}},"loc":{"start":{"line":21,"column":21},"end":{"line":79,"column":1}}},"2":{"name":"getDatabase","decl":{"start":{"line":81,"column":16},"end":{"line":81,"column":27}},"loc":{"start":{"line":81,"column":27},"end":{"line":86,"column":1}}},"3":{"name":"closeDatabase","decl":{"start":{"line":88,"column":16},"end":{"line":88,"column":29}},"loc":{"start":{"line":88,"column":29},"end":{"line":93,"column":1}}},"4":{"name":"insertPhoto","decl":{"start":{"line":96,"column":16},"end":{"line":96,"column":27}},"loc":{"start":{"line":96,"column":66},"end":{"line":120,"column":1}}},"5":{"name":"getAllPhotos","decl":{"start":{"line":122,"column":16},"end":{"line":122,"column":28}},"loc":{"start":{"line":122,"column":28},"end":{"line":132,"column":1}}},"6":{"name":"getPhotosByWeek","decl":{"start":{"line":134,"column":16},"end":{"line":134,"column":31}},"loc":{"start":{"line":134,"column":64},"end":{"line":146,"column":1}}},"7":{"name":"toggleFavorite","decl":{"start":{"line":148,"column":16},"end":{"line":148,"column":30}},"loc":{"start":{"line":148,"column":46},"end":{"line":160,"column":1}}},"8":{"name":"getFavoritePhotos","decl":{"start":{"line":162,"column":16},"end":{"line":162,"column":33}},"loc":{"start":{"line":162,"column":33},"end":{"line":173,"column":1}}},"9":{"name":"clearAllPhotos","decl":{"start":{"line":175,"column":16},"end":{"line":175,"column":30}},"loc":{"start":{"line":175,"column":30},"end":{"line":178,"column":1}}},"10":{"name":"rowToPhoto","decl":{"start":{"line":181,"column":9},"end":{"line":181,"column":19}},"loc":{"start":{"line":181,"column":28},"end":{"line":196,"column":1}}}},"branchMap":{"0":{"loc":{"start":{"line":22,"column":2},"end":{"line":22,"column":18}},"type":"if","locations":[{"start":{"line":22,"column":2},"end":{"line":22,"column":18}},{"start":{},"end":{}}]},"1":{"loc":{"start":{"line":82,"column":2},"end":{"line":84,"column":3}},"type":"if","locations":[{"start":{"line":82,"column":2},"end":{"line":84,"column":3}},{"start":{},"end":{}}]},"2":{"loc":{"start":{"line":89,"column":2},"end":{"line":92,"column":3}},"type":"if","locations":[{"start":{"line":89,"column":2},"end":{"line":92,"column":3}},{"start":{},"end":{}}]},"3":{"loc":{"start":{"line":109,"column":4},"end":{"line":109,"column":44}},"type":"binary-expr","locations":[{"start":{"line":109,"column":4},"end":{"line":109,"column":36}},{"start":{"line":109,"column":40},"end":{"line":109,"column":44}}]},"4":{"loc":{"start":{"line":112,"column":4},"end":{"line":112,"column":58}},"type":"cond-expr","locations":[{"start":{"line":112,"column":21},"end":{"line":112,"column":51}},{"start":{"line":112,"column":54},"end":{"line":112,"column":58}}]},"5":{"loc":{"start":{"line":114,"column":4},"end":{"line":114,"column":28}},"type":"cond-expr","locations":[{"start":{"line":114,"column":23},"end":{"line":114,"column":24}},{"start":{"line":114,"column":27},"end":{"line":114,"column":28}}]},"6":{"loc":{"start":{"line":116,"column":4},"end":{"line":116,"column":26}},"type":"cond-expr","locations":[{"start":{"line":116,"column":21},"end":{"line":116,"column":22}},{"start":{"line":116,"column":25},"end":{"line":116,"column":26}}]},"7":{"loc":{"start":{"line":186,"column":17},"end":{"line":186,"column":69}},"type":"cond-expr","locations":[{"start":{"line":186,"column":36},"end":{"line":186,"column":62}},{"start":{"line":186,"column":65},"end":{"line":186,"column":69}}]},"8":{"loc":{"start":{"line":189,"column":14},"end":{"line":189,"column":62}},"type":"cond-expr","locations":[{"start":{"line":189,"column":30},"end":{"line":189,"column":55}},{"start":{"line":189,"column":58},"end":{"line":189,"column":62}}]}},"s":{"0":0,"1":0,"2":0,"3":0,"4":0,"5":0,"6":0,"7":0,"8":0,"9":0,"10":0,"11":0,"12":0,"13":0,"14":0,"15":0,"16":0,"17":0,"18":0,"19":0,"20":0,"21":0,"22":0,"23":0,"24":0,"25":0,"26":0,"27":0,"28":0,"29":0,"30":0,"31":0,"32":0,"33":0,"34":0,"35":0,"36":0,"37":0,"38":0,"39":0,"40":0,"41":0,"42":0,"43":0,"44":0,"45":0,"46":0,"47":0,"48":0,"49":0,"50":0,"51":0,"52":0,"53":0,"54":0},"f":{"0":0,"1":0,"2":0,"3":0,"4":0,"5":0,"6":0,"7":0,"8":0,"9":0,"10":0},"b":{"0":[0,0],"1":[0,0],"2":[0,0],"3":[0,0],"4":[0,0],"5":[0,0],"6":[0,0],"7":[0,0],"8":[0,0]}}
,"/Users/yoann/dev/weekly-picture-selector/src/main/scanner.ts": {"path":"/Users/yoann/dev/weekly-picture-selector/src/main/scanner.ts","statementMap":{"0":{"start":{"line":19,"column":0},"end":{"line":19,"column":7}},"1":{"start":{"line":169,"column":0},"end":{"line":169,"column":16}},"2":{"start":{"line":1,"column":0},"end":{"line":1,"column":20}},"3":{"start":{"line":2,"column":0},"end":{"line":2,"column":24}},"4":{"start":{"line":3,"column":0},"end":{"line":3,"column":26}},"5":{"start":{"line":6,"column":29},"end":{"line":6,"column":72}},"6":{"start":{"line":23,"column":33},"end":{"line":23,"column":35}},"7":{"start":{"line":24,"column":30},"end":{"line":24,"column":32}},"8":{"start":{"line":27,"column":2},"end":{"line":27,"column":56}},"9":{"start":{"line":29,"column":21},"end":{"line":29,"column":37}},"10":{"start":{"line":30,"column":18},"end":{"line":30,"column":19}},"11":{"start":{"line":33,"column":2},"end":{"line":45,"column":3}},"12":{"start":{"line":34,"column":4},"end":{"line":34,"column":16}},"13":{"start":{"line":35,"column":4},"end":{"line":35,"column":50}},"14":{"start":{"line":37,"column":4},"end":{"line":44,"column":5}},"15":{"start":{"line":38,"column":20},"end":{"line":38,"column":63}},"16":{"start":{"line":39,"column":6},"end":{"line":41,"column":7}},"17":{"start":{"line":40,"column":8},"end":{"line":40,"column":27}},"18":{"start":{"line":43,"column":6},"end":{"line":43,"column":60}},"19":{"start":{"line":47,"column":2},"end":{"line":47,"column":16}},"20":{"start":{"line":54,"column":2},"end":{"line":76,"column":3}},"21":{"start":{"line":55,"column":20},"end":{"line":55,"column":72}},"22":{"start":{"line":57,"column":4},"end":{"line":73,"column":5}},"23":{"start":{"line":58,"column":23},"end":{"line":58,"column":57}},"24":{"start":{"line":61,"column":6},"end":{"line":63,"column":7}},"25":{"start":{"line":62,"column":8},"end":{"line":62,"column":17}},"26":{"start":{"line":65,"column":6},"end":{"line":72,"column":7}},"27":{"start":{"line":66,"column":8},"end":{"line":66,"column":50}},"28":{"start":{"line":67,"column":13},"end":{"line":72,"column":7}},"29":{"start":{"line":68,"column":20},"end":{"line":68,"column":58}},"30":{"start":{"line":69,"column":8},"end":{"line":71,"column":9}},"31":{"start":{"line":70,"column":10},"end":{"line":70,"column":33}},"32":{"start":{"line":75,"column":4},"end":{"line":75,"column":68}},"33":{"start":{"line":86,"column":2},"end":{"line":152,"column":3}},"34":{"start":{"line":87,"column":21},"end":{"line":87,"column":44}},"35":{"start":{"line":88,"column":16},"end":{"line":88,"column":38}},"36":{"start":{"line":89,"column":25},"end":{"line":89,"column":79}},"37":{"start":{"line":92,"column":35},"end":{"line":92,"column":39}},"38":{"start":{"line":93,"column":36},"end":{"line":93,"column":40}},"39":{"start":{"line":95,"column":4},"end":{"line":134,"column":5}},"40":{"start":{"line":96,"column":19},"end":{"line":111,"column":8}},"41":{"start":{"line":113,"column":6},"end":{"line":131,"column":7}},"42":{"start":{"line":115,"column":8},"end":{"line":115,"column":71}},"43":{"start":{"line":118,"column":8},"end":{"line":130,"column":10}},"44":{"start":{"line":133,"column":6},"end":{"line":133,"column":74}},"45":{"start":{"line":137,"column":4},"end":{"line":140,"column":5}},"46":{"start":{"line":138,"column":20},"end":{"line":138,"column":41}},"47":{"start":{"line":139,"column":6},"end":{"line":139,"column":32}},"48":{"start":{"line":142,"column":4},"end":{"line":148,"column":6}},"49":{"start":{"line":150,"column":4},"end":{"line":150,"column":64}},"50":{"start":{"line":151,"column":4},"end":{"line":151,"column":16}},"51":{"start":{"line":159,"column":2},"end":{"line":161,"column":3}},"52":{"start":{"line":160,"column":4},"end":{"line":160,"column":25}},"53":{"start":{"line":162,"column":22},"end":{"line":162,"column":45}},"54":{"start":{"line":163,"column":2},"end":{"line":163,"column":29}},"55":{"start":{"line":170,"column":12},"end":{"line":170,"column":83}},"56":{"start":{"line":171,"column":17},"end":{"line":171,"column":35}},"57":{"start":{"line":172,"column":2},"end":{"line":172,"column":44}},"58":{"start":{"line":173,"column":20},"end":{"line":173,"column":64}},"59":{"start":{"line":174,"column":17},"end":{"line":174,"column":84}},"60":{"start":{"line":175,"column":2},"end":{"line":175,"column":52}}},"fnMap":{"0":{"name":"scanDirectory","decl":{"start":{"line":19,"column":22},"end":{"line":19,"column":35}},"loc":{"start":{"line":21,"column":74},"end":{"line":48,"column":1}}},"1":{"name":"collectFiles","decl":{"start":{"line":53,"column":9},"end":{"line":53,"column":21}},"loc":{"start":{"line":53,"column":78},"end":{"line":77,"column":1}}},"2":{"name":"processPhoto","decl":{"start":{"line":82,"column":15},"end":{"line":82,"column":27}},"loc":{"start":{"line":84,"column":18},"end":{"line":153,"column":1}}},"3":{"name":"formatShutterSpeed","decl":{"start":{"line":158,"column":9},"end":{"line":158,"column":27}},"loc":{"start":{"line":158,"column":43},"end":{"line":164,"column":1}}},"4":{"name":"getWeekNumber","decl":{"start":{"line":169,"column":16},"end":{"line":169,"column":29}},"loc":{"start":{"line":169,"column":40},"end":{"line":176,"column":1}}}},"branchMap":{"0":{"loc":{"start":{"line":39,"column":6},"end":{"line":41,"column":7}},"type":"if","locations":[{"start":{"line":39,"column":6},"end":{"line":41,"column":7}},{"start":{},"end":{}}]},"1":{"loc":{"start":{"line":61,"column":6},"end":{"line":63,"column":7}},"type":"if","locations":[{"start":{"line":61,"column":6},"end":{"line":63,"column":7}},{"start":{},"end":{}}]},"2":{"loc":{"start":{"line":65,"column":6},"end":{"line":72,"column":7}},"type":"if","locations":[{"start":{"line":65,"column":6},"end":{"line":72,"column":7}},{"start":{"line":67,"column":13},"end":{"line":72,"column":7}}]},"3":{"loc":{"start":{"line":67,"column":13},"end":{"line":72,"column":7}},"type":"if","locations":[{"start":{"line":67,"column":13},"end":{"line":72,"column":7}},{"start":{},"end":{}}]},"4":{"loc":{"start":{"line":69,"column":8},"end":{"line":71,"column":9}},"type":"if","locations":[{"start":{"line":69,"column":8},"end":{"line":71,"column":9}},{"start":{},"end":{}}]},"5":{"loc":{"start":{"line":89,"column":25},"end":{"line":89,"column":79}},"type":"cond-expr","locations":[{"start":{"line":89,"column":44},"end":{"line":89,"column":48}},{"start":{"line":89,"column":51},"end":{"line":89,"column":79}}]},"6":{"loc":{"start":{"line":113,"column":6},"end":{"line":131,"column":7}},"type":"if","locations":[{"start":{"line":113,"column":6},"end":{"line":131,"column":7}},{"start":{},"end":{}}]},"7":{"loc":{"start":{"line":115,"column":22},"end":{"line":115,"column":70}},"type":"binary-expr","locations":[{"start":{"line":115,"column":22},"end":{"line":115,"column":43}},{"start":{"line":115,"column":47},"end":{"line":115,"column":62}},{"start":{"line":115,"column":66},"end":{"line":115,"column":70}}]},"8":{"loc":{"start":{"line":119,"column":18},"end":{"line":119,"column":84}},"type":"cond-expr","locations":[{"start":{"line":119,"column":44},"end":{"line":119,"column":72}},{"start":{"line":119,"column":75},"end":{"line":119,"column":84}}]},"9":{"loc":{"start":{"line":119,"column":18},"end":{"line":119,"column":41}},"type":"binary-expr","locations":[{"start":{"line":119,"column":18},"end":{"line":119,"column":27}},{"start":{"line":119,"column":31},"end":{"line":119,"column":41}}]},"10":{"loc":{"start":{"line":122,"column":20},"end":{"line":122,"column":66}},"type":"cond-expr","locations":[{"start":{"line":122,"column":35},"end":{"line":122,"column":54}},{"start":{"line":122,"column":57},"end":{"line":122,"column":66}}]},"11":{"loc":{"start":{"line":123,"column":24},"end":{"line":125,"column":23}},"type":"cond-expr","locations":[{"start":{"line":124,"column":14},"end":{"line":124,"column":51}},{"start":{"line":125,"column":14},"end":{"line":125,"column":23}}]},"12":{"loc":{"start":{"line":137,"column":4},"end":{"line":140,"column":5}},"type":"if","locations":[{"start":{"line":137,"column":4},"end":{"line":140,"column":5}},{"start":{},"end":{}}]},"13":{"loc":{"start":{"line":159,"column":2},"end":{"line":161,"column":3}},"type":"if","locations":[{"start":{"line":159,"column":2},"end":{"line":161,"column":3}},{"start":{},"end":{}}]},"14":{"loc":{"start":{"line":171,"column":17},"end":{"line":171,"column":35}},"type":"binary-expr","locations":[{"start":{"line":171,"column":17},"end":{"line":171,"column":30}},{"start":{"line":171,"column":34},"end":{"line":171,"column":35}}]}},"s":{"0":1,"1":1,"2":1,"3":1,"4":1,"5":1,"6":0,"7":0,"8":0,"9":0,"10":0,"11":0,"12":0,"13":0,"14":0,"15":0,"16":0,"17":0,"18":0,"19":0,"20":0,"21":0,"22":0,"23":0,"24":0,"25":0,"26":0,"27":0,"28":0,"29":0,"30":0,"31":0,"32":0,"33":0,"34":0,"35":0,"36":0,"37":0,"38":0,"39":0,"40":0,"41":0,"42":0,"43":0,"44":0,"45":0,"46":0,"47":0,"48":0,"49":0,"50":0,"51":0,"52":0,"53":0,"54":0,"55":11,"56":11,"57":11,"58":11,"59":11,"60":11},"f":{"0":0,"1":0,"2":0,"3":0,"4":11},"b":{"0":[0,0],"1":[0,0],"2":[0,0],"3":[0,0],"4":[0,0],"5":[0,0],"6":[0,0],"7":[0,0,0],"8":[0,0],"9":[0,0],"10":[0,0],"11":[0,0],"12":[0,0],"13":[0,0],"14":[11,4]}}
,"/Users/yoann/dev/weekly-picture-selector/src/main/thumbnail.ts": {"path":"/Users/yoann/dev/weekly-picture-selector/src/main/thumbnail.ts","statementMap":{"0":{"start":{"line":16,"column":0},"end":{"line":16,"column":16}},"1":{"start":{"line":38,"column":0},"end":{"line":38,"column":7}},"2":{"start":{"line":81,"column":0},"end":{"line":81,"column":7}},"3":{"start":{"line":115,"column":0},"end":{"line":115,"column":16}},"4":{"start":{"line":128,"column":0},"end":{"line":128,"column":16}},"5":{"start":{"line":1,"column":0},"end":{"line":1,"column":26}},"6":{"start":{"line":2,"column":0},"end":{"line":2,"column":24}},"7":{"start":{"line":3,"column":0},"end":{"line":3,"column":20}},"8":{"start":{"line":4,"column":0},"end":{"line":4,"column":28}},"9":{"start":{"line":5,"column":0},"end":{"line":5,"column":31}},"10":{"start":{"line":7,"column":24},"end":{"line":11,"column":2}},"11":{"start":{"line":17,"column":23},"end":{"line":17,"column":46}},"12":{"start":{"line":18,"column":19},"end":{"line":18,"column":56}},"13":{"start":{"line":21,"column":2},"end":{"line":23,"column":3}},"14":{"start":{"line":22,"column":4},"end":{"line":22,"column":48}},"15":{"start":{"line":25,"column":2},"end":{"line":25,"column":18}},"16":{"start":{"line":32,"column":2},"end":{"line":32,"column":66}},"17":{"start":{"line":43,"column":2},"end":{"line":75,"column":3}},"18":{"start":{"line":44,"column":4},"end":{"line":44,"column":28}},"19":{"start":{"line":46,"column":21},"end":{"line":46,"column":43}},"20":{"start":{"line":47,"column":22},"end":{"line":47,"column":45}},"21":{"start":{"line":48,"column":30},"end":{"line":48,"column":56}},"22":{"start":{"line":49,"column":26},"end":{"line":49,"column":64}},"23":{"start":{"line":52,"column":4},"end":{"line":54,"column":5}},"24":{"start":{"line":53,"column":6},"end":{"line":53,"column":27}},"25":{"start":{"line":57,"column":23},"end":{"line":57,"column":44}},"26":{"start":{"line":59,"column":4},"end":{"line":69,"column":29}},"27":{"start":{"line":71,"column":4},"end":{"line":71,"column":25}},"28":{"start":{"line":73,"column":4},"end":{"line":73,"column":73}},"29":{"start":{"line":74,"column":4},"end":{"line":74,"column":16}},"30":{"start":{"line":86,"column":18},"end":{"line":86,"column":43}},"31":{"start":{"line":87,"column":16},"end":{"line":87,"column":33}},"32":{"start":{"line":88,"column":18},"end":{"line":88,"column":19}},"33":{"start":{"line":91,"column":21},"end":{"line":91,"column":23}},"34":{"start":{"line":92,"column":2},"end":{"line":107,"column":3}},"35":{"start":{"line":92,"column":15},"end":{"line":92,"column":16}},"36":{"start":{"line":93,"column":18},"end":{"line":93,"column":53}},"37":{"start":{"line":94,"column":21},"end":{"line":99,"column":6}},"38":{"start":{"line":95,"column":28},"end":{"line":95,"column":68}},"39":{"start":{"line":96,"column":6},"end":{"line":96,"column":18}},"40":{"start":{"line":97,"column":6},"end":{"line":97,"column":48}},"41":{"start":{"line":98,"column":6},"end":{"line":98,"column":42}},"42":{"start":{"line":101,"column":25},"end":{"line":101,"column":52}},"43":{"start":{"line":102,"column":4},"end":{"line":106,"column":7}},"44":{"start":{"line":103,"column":6},"end":{"line":105,"column":7}},"45":{"start":{"line":104,"column":8},"end":{"line":104,"column":46}},"46":{"start":{"line":109,"column":2},"end":{"line":109,"column":17}},"47":{"start":{"line":116,"column":19},"end":{"line":116,"column":41}},"48":{"start":{"line":117,"column":2},"end":{"line":122,"column":3}},"49":{"start":{"line":118,"column":18},"end":{"line":118,"column":42}},"50":{"start":{"line":119,"column":4},"end":{"line":121,"column":7}},"51":{"start":{"line":120,"column":6},"end":{"line":120,"column":47}},"52":{"start":{"line":129,"column":19},"end":{"line":129,"column":41}},"53":{"start":{"line":130,"column":2},"end":{"line":132,"column":3}},"54":{"start":{"line":131,"column":4},"end":{"line":131,"column":13}},"55":{"start":{"line":134,"column":18},"end":{"line":134,"column":19}},"56":{"start":{"line":135,"column":16},"end":{"line":135,"column":40}},"57":{"start":{"line":136,"column":2},"end":{"line":139,"column":5}},"58":{"start":{"line":137,"column":18},"end":{"line":137,"column":56}},"59":{"start":{"line":138,"column":4},"end":{"line":138,"column":28}},"60":{"start":{"line":141,"column":2},"end":{"line":141,"column":19}}},"fnMap":{"0":{"name":"getThumbnailCacheDir","decl":{"start":{"line":16,"column":16},"end":{"line":16,"column":36}},"loc":{"start":{"line":16,"column":36},"end":{"line":26,"column":1}}},"1":{"name":"getPhotoHash","decl":{"start":{"line":31,"column":9},"end":{"line":31,"column":21}},"loc":{"start":{"line":31,"column":39},"end":{"line":33,"column":1}}},"2":{"name":"generateThumbnail","decl":{"start":{"line":38,"column":22},"end":{"line":38,"column":39}},"loc":{"start":{"line":41,"column":40},"end":{"line":76,"column":1}}},"3":{"name":"generateThumbnails","decl":{"start":{"line":81,"column":22},"end":{"line":81,"column":40}},"loc":{"start":{"line":84,"column":74},"end":{"line":110,"column":1}}},"4":{"name":"(anonymous_5)","decl":{"start":{"line":94,"column":31},"end":{"line":94,"column":36}},"loc":{"start":{"line":94,"column":51},"end":{"line":99,"column":5}}},"5":{"name":"(anonymous_6)","decl":{"start":{"line":102,"column":25},"end":{"line":102,"column":26}},"loc":{"start":{"line":102,"column":58},"end":{"line":106,"column":5}}},"6":{"name":"clearThumbnailCache","decl":{"start":{"line":115,"column":16},"end":{"line":115,"column":35}},"loc":{"start":{"line":115,"column":35},"end":{"line":123,"column":1}}},"7":{"name":"(anonymous_8)","decl":{"start":{"line":119,"column":18},"end":{"line":119,"column":19}},"loc":{"start":{"line":119,"column":27},"end":{"line":121,"column":5}}},"8":{"name":"getCacheSize","decl":{"start":{"line":128,"column":16},"end":{"line":128,"column":28}},"loc":{"start":{"line":128,"column":28},"end":{"line":142,"column":1}}},"9":{"name":"(anonymous_10)","decl":{"start":{"line":136,"column":16},"end":{"line":136,"column":17}},"loc":{"start":{"line":136,"column":25},"end":{"line":139,"column":3}}}},"branchMap":{"0":{"loc":{"start":{"line":21,"column":2},"end":{"line":23,"column":3}},"type":"if","locations":[{"start":{"line":21,"column":2},"end":{"line":23,"column":3}},{"start":{},"end":{}}]},"1":{"loc":{"start":{"line":40,"column":2},"end":{"line":40,"column":47}},"type":"default-arg","locations":[{"start":{"line":40,"column":39},"end":{"line":40,"column":47}}]},"2":{"loc":{"start":{"line":52,"column":4},"end":{"line":54,"column":5}},"type":"if","locations":[{"start":{"line":52,"column":4},"end":{"line":54,"column":5}},{"start":{},"end":{}}]},"3":{"loc":{"start":{"line":83,"column":2},"end":{"line":83,"column":47}},"type":"default-arg","locations":[{"start":{"line":83,"column":39},"end":{"line":83,"column":47}}]},"4":{"loc":{"start":{"line":103,"column":6},"end":{"line":105,"column":7}},"type":"if","locations":[{"start":{"line":103,"column":6},"end":{"line":105,"column":7}},{"start":{},"end":{}}]},"5":{"loc":{"start":{"line":117,"column":2},"end":{"line":122,"column":3}},"type":"if","locations":[{"start":{"line":117,"column":2},"end":{"line":122,"column":3}},{"start":{},"end":{}}]},"6":{"loc":{"start":{"line":130,"column":2},"end":{"line":132,"column":3}},"type":"if","locations":[{"start":{"line":130,"column":2},"end":{"line":132,"column":3}},{"start":{},"end":{}}]}},"s":{"0":0,"1":0,"2":0,"3":0,"4":0,"5":0,"6":0,"7":0,"8":0,"9":0,"10":0,"11":0,"12":0,"13":0,"14":0,"15":0,"16":0,"17":0,"18":0,"19":0,"20":0,"21":0,"22":0,"23":0,"24":0,"25":0,"26":0,"27":0,"28":0,"29":0,"30":0,"31":0,"32":0,"33":0,"34":0,"35":0,"36":0,"37":0,"38":0,"39":0,"40":0,"41":0,"42":0,"43":0,"44":0,"45":0,"46":0,"47":0,"48":0,"49":0,"50":0,"51":0,"52":0,"53":0,"54":0,"55":0,"56":0,"57":0,"58":0,"59":0,"60":0},"f":{"0":0,"1":0,"2":0,"3":0,"4":0,"5":0,"6":0,"7":0,"8":0,"9":0},"b":{"0":[0,0],"1":[0],"2":[0,0],"3":[0],"4":[0,0],"5":[0,0],"6":[0,0]}}
,"/Users/yoann/dev/weekly-picture-selector/src/renderer/App.tsx": {"path":"/Users/yoann/dev/weekly-picture-selector/src/renderer/App.tsx","statementMap":{"0":{"start":{"line":1,"column":0},"end":{"line":1,"column":49}},"1":{"start":{"line":2,"column":0},"end":{"line":2,"column":45}},"2":{"start":{"line":3,"column":0},"end":{"line":3,"column":55}},"3":{"start":{"line":4,"column":0},"end":{"line":4,"column":51}},"4":{"start":{"line":5,"column":0},"end":{"line":5,"column":49}},"5":{"start":{"line":6,"column":0},"end":{"line":6,"column":65}},"6":{"start":{"line":7,"column":0},"end":{"line":7,"column":46}},"7":{"start":{"line":20,"column":6},"end":{"line":20,"column":17}},"8":{"start":{"line":22,"column":42},"end":{"line":22,"column":69}},"9":{"start":{"line":23,"column":44},"end":{"line":23,"column":72}},"10":{"start":{"line":24,"column":34},"end":{"line":24,"column":59}},"11":{"start":{"line":27,"column":16},"end":{"line":60,"column":14}},"12":{"start":{"line":28,"column":20},"end":{"line":28,"column":43}},"13":{"start":{"line":30,"column":4},"end":{"line":54,"column":7}},"14":{"start":{"line":31,"column":6},"end":{"line":53,"column":7}},"15":{"start":{"line":32,"column":20},"end":{"line":32,"column":55}},"16":{"start":{"line":33,"column":8},"end":{"line":47,"column":9}},"17":{"start":{"line":35,"column":28},"end":{"line":35,"column":83}},"18":{"start":{"line":36,"column":26},"end":{"line":36,"column":45}},"19":{"start":{"line":37,"column":10},"end":{"line":37,"column":49}},"20":{"start":{"line":39,"column":10},"end":{"line":46,"column":13}},"21":{"start":{"line":48,"column":21},"end":{"line":48,"column":38}},"22":{"start":{"line":49,"column":8},"end":{"line":49,"column":32}},"23":{"start":{"line":50,"column":8},"end":{"line":52,"column":9}},"24":{"start":{"line":51,"column":10},"end":{"line":51,"column":31}},"25":{"start":{"line":56,"column":4},"end":{"line":59,"column":7}},"26":{"start":{"line":57,"column":6},"end":{"line":57,"column":52}},"27":{"start":{"line":57,"column":29},"end":{"line":57,"column":52}},"28":{"start":{"line":58,"column":6},"end":{"line":58,"column":41}},"29":{"start":{"line":63,"column":26},"end":{"line":66,"column":28}},"30":{"start":{"line":64,"column":4},"end":{"line":64,"column":37}},"31":{"start":{"line":64,"column":23},"end":{"line":64,"column":37}},"32":{"start":{"line":65,"column":4},"end":{"line":65,"column":31}},"33":{"start":{"line":69,"column":29},"end":{"line":72,"column":38}},"34":{"start":{"line":70,"column":4},"end":{"line":70,"column":34}},"35":{"start":{"line":70,"column":24},"end":{"line":70,"column":34}},"36":{"start":{"line":71,"column":4},"end":{"line":71,"column":71}},"37":{"start":{"line":71,"column":44},"end":{"line":71,"column":69}},"38":{"start":{"line":74,"column":26},"end":{"line":78,"column":3}},"39":{"start":{"line":75,"column":4},"end":{"line":77,"column":5}},"40":{"start":{"line":76,"column":6},"end":{"line":76,"column":64}},"41":{"start":{"line":80,"column":30},"end":{"line":84,"column":3}},"42":{"start":{"line":81,"column":4},"end":{"line":83,"column":5}},"43":{"start":{"line":82,"column":6},"end":{"line":82,"column":64}},"44":{"start":{"line":86,"column":24},"end":{"line":88,"column":14}},"45":{"start":{"line":87,"column":4},"end":{"line":87,"column":53}},"46":{"start":{"line":87,"column":32},"end":{"line":87,"column":44}},"47":{"start":{"line":90,"column":2},"end":{"line":233,"column":4}},"48":{"start":{"line":151,"column":24},"end":{"line":151,"column":43}},"49":{"start":{"line":152,"column":24},"end":{"line":152,"column":46}},"50":{"start":{"line":174,"column":24},"end":{"line":174,"column":49}},"51":{"start":{"line":175,"column":24},"end":{"line":175,"column":46}},"52":{"start":{"line":212,"column":20},"end":{"line":212,"column":39}},"53":{"start":{"line":213,"column":20},"end":{"line":213,"column":42}},"54":{"start":{"line":226,"column":25},"end":{"line":226,"column":47}},"55":{"start":{"line":236,"column":0},"end":{"line":236,"column":19}}},"fnMap":{"0":{"name":"App","decl":{"start":{"line":12,"column":9},"end":{"line":12,"column":12}},"loc":{"start":{"line":12,"column":12},"end":{"line":234,"column":1}}},"1":{"name":"(anonymous_10)","decl":{"start":{"line":27,"column":24},"end":{"line":27,"column":27}},"loc":{"start":{"line":27,"column":29},"end":{"line":60,"column":3}}},"2":{"name":"(anonymous_11)","decl":{"start":{"line":30,"column":19},"end":{"line":30,"column":20}},"loc":{"start":{"line":30,"column":29},"end":{"line":54,"column":5}}},"3":{"name":"(anonymous_12)","decl":{"start":{"line":56,"column":45},"end":{"line":56,"column":46}},"loc":{"start":{"line":56,"column":54},"end":{"line":59,"column":5}}},"4":{"name":"(anonymous_13)","decl":{"start":{"line":63,"column":34},"end":{"line":63,"column":37}},"loc":{"start":{"line":63,"column":39},"end":{"line":66,"column":3}}},"5":{"name":"(anonymous_14)","decl":{"start":{"line":69,"column":37},"end":{"line":69,"column":40}},"loc":{"start":{"line":69,"column":42},"end":{"line":72,"column":3}}},"6":{"name":"(anonymous_15)","decl":{"start":{"line":71,"column":37},"end":{"line":71,"column":38}},"loc":{"start":{"line":71,"column":44},"end":{"line":71,"column":69}}},"7":{"name":"(anonymous_16)","decl":{"start":{"line":74,"column":26},"end":{"line":74,"column":29}},"loc":{"start":{"line":74,"column":31},"end":{"line":78,"column":3}}},"8":{"name":"(anonymous_17)","decl":{"start":{"line":80,"column":30},"end":{"line":80,"column":33}},"loc":{"start":{"line":80,"column":35},"end":{"line":84,"column":3}}},"9":{"name":"(anonymous_18)","decl":{"start":{"line":86,"column":32},"end":{"line":86,"column":35}},"loc":{"start":{"line":86,"column":37},"end":{"line":88,"column":3}}},"10":{"name":"(anonymous_19)","decl":{"start":{"line":87,"column":25},"end":{"line":87,"column":26}},"loc":{"start":{"line":87,"column":32},"end":{"line":87,"column":44}}},"11":{"name":"(anonymous_20)","decl":{"start":{"line":150,"column":31},"end":{"line":150,"column":34}},"loc":{"start":{"line":150,"column":36},"end":{"line":153,"column":23}}},"12":{"name":"(anonymous_21)","decl":{"start":{"line":173,"column":31},"end":{"line":173,"column":34}},"loc":{"start":{"line":173,"column":36},"end":{"line":176,"column":23}}},"13":{"name":"(anonymous_22)","decl":{"start":{"line":211,"column":31},"end":{"line":211,"column":32}},"loc":{"start":{"line":211,"column":40},"end":{"line":214,"column":19}}},"14":{"name":"(anonymous_23)","decl":{"start":{"line":226,"column":19},"end":{"line":226,"column":22}},"loc":{"start":{"line":226,"column":25},"end":{"line":226,"column":47}}}},"branchMap":{"0":{"loc":{"start":{"line":31,"column":6},"end":{"line":53,"column":7}},"type":"if","locations":[{"start":{"line":31,"column":6},"end":{"line":53,"column":7}},{"start":{},"end":{}}]},"1":{"loc":{"start":{"line":31,"column":10},"end":{"line":31,"column":58}},"type":"binary-expr","locations":[{"start":{"line":31,"column":10},"end":{"line":31,"column":35}},{"start":{"line":31,"column":39},"end":{"line":31,"column":58}}]},"2":{"loc":{"start":{"line":33,"column":8},"end":{"line":47,"column":9}},"type":"if","locations":[{"start":{"line":33,"column":8},"end":{"line":47,"column":9}},{"start":{},"end":{}}]},"3":{"loc":{"start":{"line":50,"column":8},"end":{"line":52,"column":9}},"type":"if","locations":[{"start":{"line":50,"column":8},"end":{"line":52,"column":9}},{"start":{},"end":{}}]},"4":{"loc":{"start":{"line":57,"column":6},"end":{"line":57,"column":52}},"type":"if","locations":[{"start":{"line":57,"column":6},"end":{"line":57,"column":52}},{"start":{},"end":{}}]},"5":{"loc":{"start":{"line":64,"column":4},"end":{"line":64,"column":37}},"type":"if","locations":[{"start":{"line":64,"column":4},"end":{"line":64,"column":37}},{"start":{},"end":{}}]},"6":{"loc":{"start":{"line":70,"column":4},"end":{"line":70,"column":34}},"type":"if","locations":[{"start":{"line":70,"column":4},"end":{"line":70,"column":34}},{"start":{},"end":{}}]},"7":{"loc":{"start":{"line":75,"column":4},"end":{"line":77,"column":5}},"type":"if","locations":[{"start":{"line":75,"column":4},"end":{"line":77,"column":5}},{"start":{},"end":{}}]},"8":{"loc":{"start":{"line":81,"column":4},"end":{"line":83,"column":5}},"type":"if","locations":[{"start":{"line":81,"column":4},"end":{"line":83,"column":5}},{"start":{},"end":{}}]},"9":{"loc":{"start":{"line":103,"column":9},"end":{"line":108,"column":null}},"type":"binary-expr","locations":[{"start":{"line":103,"column":9},"end":{"line":103,"column":26}},{"start":{"line":103,"column":30},"end":{"line":103,"column":48}},{"start":{"line":104,"column":10},"end":{"line":107,"column":null}}]},"10":{"loc":{"start":{"line":112,"column":11},"end":{"line":217,"column":null}},"type":"cond-expr","locations":[{"start":{"line":113,"column":12},"end":{"line":134,"column":null}},{"start":{"line":136,"column":14},"end":{"line":217,"column":null}}]},"11":{"loc":{"start":{"line":136,"column":14},"end":{"line":217,"column":null}},"type":"cond-expr","locations":[{"start":{"line":137,"column":12},"end":{"line":141,"column":null}},{"start":{"line":144,"column":12},"end":{"line":216,"column":null}}]},"12":{"loc":{"start":{"line":136,"column":14},"end":{"line":136,"column":44}},"type":"binary-expr","locations":[{"start":{"line":136,"column":14},"end":{"line":136,"column":21}},{"start":{"line":136,"column":25},"end":{"line":136,"column":44}}]},"13":{"loc":{"start":{"line":146,"column":15},"end":{"line":196,"column":null}},"type":"binary-expr","locations":[{"start":{"line":146,"column":15},"end":{"line":146,"column":32}},{"start":{"line":147,"column":16},"end":{"line":195,"column":null}}]},"14":{"loc":{"start":{"line":155,"column":24},"end":{"line":157,"column":null}},"type":"cond-expr","locations":[{"start":{"line":156,"column":28},"end":{"line":156,"column":52}},{"start":{"line":157,"column":28},"end":{"line":157,"column":null}}]},"15":{"loc":{"start":{"line":178,"column":24},"end":{"line":180,"column":null}},"type":"cond-expr","locations":[{"start":{"line":179,"column":28},"end":{"line":179,"column":54}},{"start":{"line":180,"column":28},"end":{"line":180,"column":null}}]},"16":{"loc":{"start":{"line":188,"column":25},"end":{"line":191,"column":null}},"type":"binary-expr","locations":[{"start":{"line":188,"column":25},"end":{"line":188,"column":42}},{"start":{"line":189,"column":26},"end":{"line":190,"column":null}}]},"17":{"loc":{"start":{"line":200,"column":15},"end":{"line":215,"column":null}},"type":"cond-expr","locations":[{"start":{"line":201,"column":16},"end":{"line":204,"column":null}},{"start":{"line":207,"column":16},"end":{"line":214,"column":null}}]},"18":{"loc":{"start":{"line":223,"column":7},"end":{"line":230,"column":null}},"type":"binary-expr","locations":[{"start":{"line":223,"column":7},"end":{"line":223,"column":20}},{"start":{"line":224,"column":8},"end":{"line":229,"column":null}}]},"19":{"loc":{"start":{"line":227,"column":18},"end":{"line":227,"column":95}},"type":"cond-expr","locations":[{"start":{"line":227,"column":68},"end":{"line":227,"column":83}},{"start":{"line":227,"column":86},"end":{"line":227,"column":95}}]},"20":{"loc":{"start":{"line":228,"column":22},"end":{"line":228,"column":78}},"type":"cond-expr","locations":[{"start":{"line":228,"column":47},"end":{"line":228,"column":66}},{"start":{"line":228,"column":69},"end":{"line":228,"column":78}}]}},"s":{"0":0,"1":0,"2":0,"3":0,"4":0,"5":0,"6":0,"7":0,"8":0,"9":0,"10":0,"11":0,"12":0,"13":0,"14":0,"15":0,"16":0,"17":0,"18":0,"19":0,"20":0,"21":0,"22":0,"23":0,"24":0,"25":0,"26":0,"27":0,"28":0,"29":0,"30":0,"31":0,"32":0,"33":0,"34":0,"35":0,"36":0,"37":0,"38":0,"39":0,"40":0,"41":0,"42":0,"43":0,"44":0,"45":0,"46":0,"47":0,"48":0,"49":0,"50":0,"51":0,"52":0,"53":0,"54":0,"55":0},"f":{"0":0,"1":0,"2":0,"3":0,"4":0,"5":0,"6":0,"7":0,"8":0,"9":0,"10":0,"11":0,"12":0,"13":0,"14":0},"b":{"0":[0,0],"1":[0,0],"2":[0,0],"3":[0,0],"4":[0,0],"5":[0,0],"6":[0,0],"7":[0,0],"8":[0,0],"9":[0,0,0],"10":[0,0],"11":[0,0],"12":[0,0],"13":[0,0],"14":[0,0],"15":[0,0],"16":[0,0],"17":[0,0],"18":[0,0],"19":[0,0],"20":[0,0]}}
,"/Users/yoann/dev/weekly-picture-selector/src/renderer/main.tsx": {"path":"/Users/yoann/dev/weekly-picture-selector/src/renderer/main.tsx","statementMap":{"0":{"start":{"line":1,"column":0},"end":{"line":1,"column":26}},"1":{"start":{"line":2,"column":0},"end":{"line":2,"column":40}},"2":{"start":{"line":3,"column":0},"end":{"line":3,"column":24}},"3":{"start":{"line":4,"column":0},"end":{"line":4,"column":21}},"4":{"start":{"line":6,"column":0},"end":{"line":10,"column":2}}},"fnMap":{},"branchMap":{},"s":{"0":0,"1":0,"2":0,"3":0,"4":0},"f":{},"b":{}}
,"/Users/yoann/dev/weekly-picture-selector/src/renderer/components/FavoritesSummary.tsx": {"path":"/Users/yoann/dev/weekly-picture-selector/src/renderer/components/FavoritesSummary.tsx","statementMap":{"0":{"start":{"line":11,"column":0},"end":{"line":11,"column":16}},"1":{"start":{"line":1,"column":0},"end":{"line":1,"column":39}},"2":{"start":{"line":18,"column":16},"end":{"line":34,"column":13}},"3":{"start":{"line":19,"column":23},"end":{"line":19,"column":35}},"4":{"start":{"line":20,"column":27},"end":{"line":20,"column":83}},"5":{"start":{"line":20,"column":55},"end":{"line":20,"column":79}},"6":{"start":{"line":21,"column":31},"end":{"line":21,"column":78}},"7":{"start":{"line":21,"column":51},"end":{"line":21,"column":70}},"8":{"start":{"line":22,"column":34},"end":{"line":22,"column":65}},"9":{"start":{"line":23,"column":32},"end":{"line":23,"column":80}},"10":{"start":{"line":24,"column":29},"end":{"line":24,"column":76}},"11":{"start":{"line":24,"column":49},"end":{"line":24,"column":68}},"12":{"start":{"line":26,"column":4},"end":{"line":33,"column":6}},"13":{"start":{"line":37,"column":29},"end":{"line":39,"column":13}},"14":{"start":{"line":38,"column":4},"end":{"line":38,"column":52}},"15":{"start":{"line":38,"column":31},"end":{"line":38,"column":50}},"16":{"start":{"line":41,"column":26},"end":{"line":45,"column":3}},"17":{"start":{"line":42,"column":18},"end":{"line":42,"column":96}},"18":{"start":{"line":43,"column":16},"end":{"line":43,"column":92}},"19":{"start":{"line":44,"column":4},"end":{"line":44,"column":31}},"20":{"start":{"line":47,"column":2},"end":{"line":73,"column":3}},"21":{"start":{"line":48,"column":4},"end":{"line":72,"column":6}},"22":{"start":{"line":75,"column":2},"end":{"line":248,"column":4}},"23":{"start":{"line":130,"column":33},"end":{"line":130,"column":73}},"24":{"start":{"line":131,"column":32},"end":{"line":131,"column":71}},"25":{"start":{"line":131,"column":58},"end":{"line":131,"column":70}},"26":{"start":{"line":133,"column":14},"end":{"line":215,"column":16}},"27":{"start":{"line":164,"column":39},"end":{"line":164,"column":56}},"28":{"start":{"line":175,"column":22},"end":{"line":176,"column":null}},"29":{"start":{"line":178,"column":39},"end":{"line":178,"column":58}},"30":{"start":{"line":191,"column":30},"end":{"line":191,"column":50}},"31":{"start":{"line":192,"column":30},"end":{"line":192,"column":57}}},"fnMap":{"0":{"name":"FavoritesSummary","decl":{"start":{"line":11,"column":16},"end":{"line":11,"column":32}},"loc":{"start":{"line":16,"column":24},"end":{"line":249,"column":1}}},"1":{"name":"(anonymous_10)","decl":{"start":{"line":18,"column":24},"end":{"line":18,"column":27}},"loc":{"start":{"line":18,"column":29},"end":{"line":34,"column":3}}},"2":{"name":"(anonymous_11)","decl":{"start":{"line":20,"column":40},"end":{"line":20,"column":41}},"loc":{"start":{"line":20,"column":55},"end":{"line":20,"column":79}}},"3":{"name":"(anonymous_12)","decl":{"start":{"line":21,"column":44},"end":{"line":21,"column":45}},"loc":{"start":{"line":21,"column":51},"end":{"line":21,"column":70}}},"4":{"name":"(anonymous_13)","decl":{"start":{"line":24,"column":42},"end":{"line":24,"column":43}},"loc":{"start":{"line":24,"column":49},"end":{"line":24,"column":68}}},"5":{"name":"(anonymous_14)","decl":{"start":{"line":37,"column":37},"end":{"line":37,"column":40}},"loc":{"start":{"line":37,"column":42},"end":{"line":39,"column":3}}},"6":{"name":"(anonymous_15)","decl":{"start":{"line":38,"column":24},"end":{"line":38,"column":25}},"loc":{"start":{"line":38,"column":31},"end":{"line":38,"column":50}}},"7":{"name":"(anonymous_16)","decl":{"start":{"line":41,"column":26},"end":{"line":41,"column":27}},"loc":{"start":{"line":41,"column":41},"end":{"line":45,"column":3}}},"8":{"name":"(anonymous_17)","decl":{"start":{"line":129,"column":36},"end":{"line":129,"column":37}},"loc":{"start":{"line":129,"column":52},"end":{"line":216,"column":13}}},"9":{"name":"(anonymous_18)","decl":{"start":{"line":131,"column":51},"end":{"line":131,"column":52}},"loc":{"start":{"line":131,"column":58},"end":{"line":131,"column":70}}},"10":{"name":"(anonymous_19)","decl":{"start":{"line":164,"column":33},"end":{"line":164,"column":36}},"loc":{"start":{"line":164,"column":39},"end":{"line":164,"column":56}}},"11":{"name":"(anonymous_20)","decl":{"start":{"line":174,"column":35},"end":{"line":174,"column":36}},"loc":{"start":{"line":175,"column":22},"end":{"line":176,"column":null}}},"12":{"name":"(anonymous_21)","decl":{"start":{"line":178,"column":33},"end":{"line":178,"column":36}},"loc":{"start":{"line":178,"column":39},"end":{"line":178,"column":58}}},"13":{"name":"(anonymous_22)","decl":{"start":{"line":190,"column":37},"end":{"line":190,"column":38}},"loc":{"start":{"line":190,"column":43},"end":{"line":193,"column":29}}}},"branchMap":{"0":{"loc":{"start":{"line":23,"column":32},"end":{"line":23,"column":80}},"type":"cond-expr","locations":[{"start":{"line":23,"column":49},"end":{"line":23,"column":76}},{"start":{"line":23,"column":79},"end":{"line":23,"column":80}}]},"1":{"loc":{"start":{"line":47,"column":2},"end":{"line":73,"column":3}},"type":"if","locations":[{"start":{"line":47,"column":2},"end":{"line":73,"column":3}},{"start":{},"end":{}}]},"2":{"loc":{"start":{"line":110,"column":13},"end":{"line":114,"column":null}},"type":"binary-expr","locations":[{"start":{"line":110,"column":13},"end":{"line":110,"column":39}},{"start":{"line":111,"column":14},"end":{"line":113,"column":null}}]},"3":{"loc":{"start":{"line":148,"column":26},"end":{"line":148,"column":null}},"type":"cond-expr","locations":[{"start":{"line":148,"column":51},"end":{"line":148,"column":68}},{"start":{"line":148,"column":71},"end":{"line":148,"column":null}}]},"4":{"loc":{"start":{"line":158,"column":46},"end":{"line":158,"column":91}},"type":"cond-expr","locations":[{"start":{"line":158,"column":73},"end":{"line":158,"column":80}},{"start":{"line":158,"column":83},"end":{"line":158,"column":91}}]},"5":{"loc":{"start":{"line":162,"column":21},"end":{"line":168,"column":null}},"type":"binary-expr","locations":[{"start":{"line":162,"column":21},"end":{"line":162,"column":32}},{"start":{"line":163,"column":22},"end":{"line":165,"column":null}}]},"6":{"loc":{"start":{"line":221,"column":9},"end":{"line":244,"column":null}},"type":"binary-expr","locations":[{"start":{"line":221,"column":9},"end":{"line":221,"column":40}},{"start":{"line":222,"column":10},"end":{"line":243,"column":null}}]},"7":{"loc":{"start":{"line":237,"column":49},"end":{"line":237,"column":101}},"type":"cond-expr","locations":[{"start":{"line":237,"column":85},"end":{"line":237,"column":91}},{"start":{"line":237,"column":94},"end":{"line":237,"column":101}}]}},"s":{"0":1,"1":1,"2":18,"3":18,"4":18,"5":31,"6":18,"7":31,"8":18,"9":18,"10":18,"11":31,"12":18,"13":18,"14":18,"15":31,"16":18,"17":25,"18":25,"19":25,"20":18,"21":1,"22":17,"23":25,"24":25,"25":40,"26":25,"27":1,"28":39,"29":1,"30":1,"31":1},"f":{"0":18,"1":18,"2":31,"3":31,"4":31,"5":18,"6":31,"7":25,"8":25,"9":40,"10":1,"11":39,"12":1,"13":1},"b":{"0":[18,0],"1":[1,17],"2":[17,2],"3":[2,23],"4":[18,7],"5":[25,1],"6":[17,4],"7":[3,1]}}
,"/Users/yoann/dev/weekly-picture-selector/src/renderer/components/Header.tsx": {"path":"/Users/yoann/dev/weekly-picture-selector/src/renderer/components/Header.tsx","statementMap":{"0":{"start":{"line":12,"column":0},"end":{"line":12,"column":16}},"1":{"start":{"line":1,"column":0},"end":{"line":1,"column":26}},"2":{"start":{"line":19,"column":2},"end":{"line":86,"column":4}}},"fnMap":{"0":{"name":"Header","decl":{"start":{"line":12,"column":16},"end":{"line":12,"column":22}},"loc":{"start":{"line":18,"column":14},"end":{"line":87,"column":1}}}},"branchMap":{"0":{"loc":{"start":{"line":24,"column":11},"end":{"line":27,"column":null}},"type":"binary-expr","locations":[{"start":{"line":24,"column":11},"end":{"line":24,"column":28}},{"start":{"line":25,"column":12},"end":{"line":26,"column":null}}]},"1":{"loc":{"start":{"line":33,"column":11},"end":{"line":46,"column":null}},"type":"binary-expr","locations":[{"start":{"line":33,"column":11},"end":{"line":33,"column":25}},{"start":{"line":34,"column":12},"end":{"line":45,"column":null}}]},"2":{"loc":{"start":{"line":38,"column":15},"end":{"line":44,"column":null}},"type":"binary-expr","locations":[{"start":{"line":38,"column":15},"end":{"line":38,"column":32}},{"start":{"line":39,"column":16},"end":{"line":43,"column":null}}]},"3":{"loc":{"start":{"line":55,"column":13},"end":{"line":55,"column":59}},"type":"cond-expr","locations":[{"start":{"line":55,"column":28},"end":{"line":55,"column":41}},{"start":{"line":55,"column":44},"end":{"line":55,"column":59}}]},"4":{"loc":{"start":{"line":61,"column":7},"end":{"line":83,"column":null}},"type":"binary-expr","locations":[{"start":{"line":61,"column":7},"end":{"line":61,"column":19}},{"start":{"line":62,"column":8},"end":{"line":82,"column":null}}]},"5":{"loc":{"start":{"line":65,"column":15},"end":{"line":65,"column":75}},"type":"binary-expr","locations":[{"start":{"line":65,"column":15},"end":{"line":65,"column":48}},{"start":{"line":65,"column":52},"end":{"line":65,"column":75}}]},"6":{"loc":{"start":{"line":66,"column":15},"end":{"line":66,"column":79}},"type":"binary-expr","locations":[{"start":{"line":66,"column":15},"end":{"line":66,"column":50}},{"start":{"line":66,"column":54},"end":{"line":66,"column":79}}]},"7":{"loc":{"start":{"line":67,"column":15},"end":{"line":67,"column":80}},"type":"binary-expr","locations":[{"start":{"line":67,"column":15},"end":{"line":67,"column":50}},{"start":{"line":67,"column":54},"end":{"line":67,"column":80}}]},"8":{"loc":{"start":{"line":68,"column":15},"end":{"line":68,"column":63}},"type":"binary-expr","locations":[{"start":{"line":68,"column":15},"end":{"line":68,"column":48}},{"start":{"line":68,"column":52},"end":{"line":68,"column":63}}]},"9":{"loc":{"start":{"line":80,"column":11},"end":{"line":81,"column":null}},"type":"binary-expr","locations":[{"start":{"line":80,"column":11},"end":{"line":80,"column":35}},{"start":{"line":81,"column":12},"end":{"line":81,"column":93}}]}},"s":{"0":0,"1":0,"2":0},"f":{"0":0},"b":{"0":[0,0],"1":[0,0],"2":[0,0],"3":[0,0],"4":[0,0],"5":[0,0],"6":[0,0],"7":[0,0],"8":[0,0],"9":[0,0]}}
,"/Users/yoann/dev/weekly-picture-selector/src/renderer/components/Lightbox.tsx": {"path":"/Users/yoann/dev/weekly-picture-selector/src/renderer/components/Lightbox.tsx","statementMap":{"0":{"start":{"line":12,"column":0},"end":{"line":12,"column":16}},"1":{"start":{"line":1,"column":0},"end":{"line":1,"column":41}},"2":{"start":{"line":13,"column":2},"end":{"line":26,"column":64}},"3":{"start":{"line":14,"column":26},"end":{"line":22,"column":5}},"4":{"start":{"line":15,"column":6},"end":{"line":15,"column":40}},"5":{"start":{"line":15,"column":30},"end":{"line":15,"column":40}},"6":{"start":{"line":16,"column":6},"end":{"line":16,"column":53}},"7":{"start":{"line":16,"column":44},"end":{"line":16,"column":53}},"8":{"start":{"line":17,"column":6},"end":{"line":17,"column":60}},"9":{"start":{"line":17,"column":47},"end":{"line":17,"column":60}},"10":{"start":{"line":18,"column":6},"end":{"line":21,"column":7}},"11":{"start":{"line":19,"column":8},"end":{"line":19,"column":27}},"12":{"start":{"line":20,"column":8},"end":{"line":20,"column":35}},"13":{"start":{"line":24,"column":4},"end":{"line":24,"column":54}},"14":{"start":{"line":25,"column":4},"end":{"line":25,"column":70}},"15":{"start":{"line":25,"column":17},"end":{"line":25,"column":69}},"16":{"start":{"line":28,"column":2},"end":{"line":171,"column":4}},"17":{"start":{"line":52,"column":12},"end":{"line":52,"column":32}},"18":{"start":{"line":53,"column":12},"end":{"line":53,"column":25}},"19":{"start":{"line":67,"column":12},"end":{"line":67,"column":32}},"20":{"start":{"line":68,"column":12},"end":{"line":68,"column":21}},"21":{"start":{"line":79,"column":27},"end":{"line":79,"column":46}},"22":{"start":{"line":139,"column":29},"end":{"line":139,"column":55}}},"fnMap":{"0":{"name":"Lightbox","decl":{"start":{"line":12,"column":16},"end":{"line":12,"column":24}},"loc":{"start":{"line":12,"column":96},"end":{"line":172,"column":1}}},"1":{"name":"(anonymous_10)","decl":{"start":{"line":13,"column":12},"end":{"line":13,"column":15}},"loc":{"start":{"line":13,"column":17},"end":{"line":26,"column":3}}},"2":{"name":"(anonymous_11)","decl":{"start":{"line":14,"column":26},"end":{"line":14,"column":27}},"loc":{"start":{"line":14,"column":47},"end":{"line":22,"column":5}}},"3":{"name":"(anonymous_12)","decl":{"start":{"line":25,"column":11},"end":{"line":25,"column":14}},"loc":{"start":{"line":25,"column":17},"end":{"line":25,"column":69}}},"4":{"name":"(anonymous_13)","decl":{"start":{"line":51,"column":19},"end":{"line":51,"column":20}},"loc":{"start":{"line":51,"column":25},"end":{"line":54,"column":11}}},"5":{"name":"(anonymous_14)","decl":{"start":{"line":66,"column":19},"end":{"line":66,"column":20}},"loc":{"start":{"line":66,"column":25},"end":{"line":69,"column":11}}},"6":{"name":"(anonymous_15)","decl":{"start":{"line":79,"column":20},"end":{"line":79,"column":21}},"loc":{"start":{"line":79,"column":27},"end":{"line":79,"column":46}}},"7":{"name":"(anonymous_16)","decl":{"start":{"line":139,"column":23},"end":{"line":139,"column":26}},"loc":{"start":{"line":139,"column":29},"end":{"line":139,"column":55}}}},"branchMap":{"0":{"loc":{"start":{"line":15,"column":6},"end":{"line":15,"column":40}},"type":"if","locations":[{"start":{"line":15,"column":6},"end":{"line":15,"column":40}},{"start":{},"end":{}}]},"1":{"loc":{"start":{"line":16,"column":6},"end":{"line":16,"column":53}},"type":"if","locations":[{"start":{"line":16,"column":6},"end":{"line":16,"column":53}},{"start":{},"end":{}}]},"2":{"loc":{"start":{"line":16,"column":10},"end":{"line":16,"column":42}},"type":"binary-expr","locations":[{"start":{"line":16,"column":10},"end":{"line":16,"column":32}},{"start":{"line":16,"column":36},"end":{"line":16,"column":42}}]},"3":{"loc":{"start":{"line":17,"column":6},"end":{"line":17,"column":60}},"type":"if","locations":[{"start":{"line":17,"column":6},"end":{"line":17,"column":60}},{"start":{},"end":{}}]},"4":{"loc":{"start":{"line":17,"column":10},"end":{"line":17,"column":45}},"type":"binary-expr","locations":[{"start":{"line":17,"column":10},"end":{"line":17,"column":31}},{"start":{"line":17,"column":35},"end":{"line":17,"column":45}}]},"5":{"loc":{"start":{"line":18,"column":6},"end":{"line":21,"column":7}},"type":"if","locations":[{"start":{"line":18,"column":6},"end":{"line":21,"column":7}},{"start":{},"end":{}}]},"6":{"loc":{"start":{"line":18,"column":10},"end":{"line":18,"column":57}},"type":"binary-expr","locations":[{"start":{"line":18,"column":10},"end":{"line":18,"column":23}},{"start":{"line":18,"column":27},"end":{"line":18,"column":40}},{"start":{"line":18,"column":44},"end":{"line":18,"column":57}}]},"7":{"loc":{"start":{"line":49,"column":7},"end":{"line":60,"column":null}},"type":"binary-expr","locations":[{"start":{"line":49,"column":7},"end":{"line":49,"column":17}},{"start":{"line":50,"column":8},"end":{"line":59,"column":null}}]},"8":{"loc":{"start":{"line":64,"column":7},"end":{"line":75,"column":null}},"type":"binary-expr","locations":[{"start":{"line":64,"column":7},"end":{"line":64,"column":13}},{"start":{"line":65,"column":8},"end":{"line":74,"column":null}}]},"9":{"loc":{"start":{"line":92,"column":17},"end":{"line":96,"column":null}},"type":"binary-expr","locations":[{"start":{"line":92,"column":17},"end":{"line":92,"column":34}},{"start":{"line":93,"column":18},"end":{"line":95,"column":null}}]},"10":{"loc":{"start":{"line":98,"column":17},"end":{"line":101,"column":null}},"type":"binary-expr","locations":[{"start":{"line":98,"column":17},"end":{"line":98,"column":39}},{"start":{"line":99,"column":18},"end":{"line":100,"column":null}}]},"11":{"loc":{"start":{"line":103,"column":17},"end":{"line":106,"column":null}},"type":"binary-expr","locations":[{"start":{"line":103,"column":17},"end":{"line":103,"column":37}},{"start":{"line":104,"column":18},"end":{"line":105,"column":null}}]},"12":{"loc":{"start":{"line":108,"column":17},"end":{"line":111,"column":null}},"type":"binary-expr","locations":[{"start":{"line":108,"column":17},"end":{"line":108,"column":36}},{"start":{"line":109,"column":18},"end":{"line":110,"column":null}}]},"13":{"loc":{"start":{"line":113,"column":17},"end":{"line":116,"column":null}},"type":"binary-expr","locations":[{"start":{"line":113,"column":17},"end":{"line":113,"column":41}},{"start":{"line":114,"column":18},"end":{"line":115,"column":null}}]},"14":{"loc":{"start":{"line":118,"column":17},"end":{"line":121,"column":null}},"type":"binary-expr","locations":[{"start":{"line":118,"column":17},"end":{"line":118,"column":45}},{"start":{"line":119,"column":18},"end":{"line":120,"column":null}}]},"15":{"loc":{"start":{"line":123,"column":17},"end":{"line":126,"column":null}},"type":"binary-expr","locations":[{"start":{"line":123,"column":17},"end":{"line":123,"column":44}},{"start":{"line":124,"column":18},"end":{"line":125,"column":null}}]},"16":{"loc":{"start":{"line":128,"column":17},"end":{"line":132,"column":null}},"type":"binary-expr","locations":[{"start":{"line":128,"column":17},"end":{"line":128,"column":38}},{"start":{"line":128,"column":42},"end":{"line":128,"column":64}},{"start":{"line":129,"column":18},"end":{"line":131,"column":null}}]},"17":{"loc":{"start":{"line":144,"column":18},"end":{"line":144,"column":null}},"type":"cond-expr","locations":[{"start":{"line":144,"column":37},"end":{"line":144,"column":70}},{"start":{"line":144,"column":73},"end":{"line":144,"column":null}}]},"18":{"loc":{"start":{"line":146,"column":22},"end":{"line":146,"column":64}},"type":"cond-expr","locations":[{"start":{"line":146,"column":41},"end":{"line":146,"column":55}},{"start":{"line":146,"column":58},"end":{"line":146,"column":64}}]}},"s":{"0":1,"1":1,"2":15,"3":15,"4":5,"5":1,"6":5,"7":1,"8":5,"9":1,"10":5,"11":2,"12":2,"13":15,"14":15,"15":15,"16":15,"17":0,"18":0,"19":1,"20":1,"21":1,"22":1},"f":{"0":15,"1":15,"2":5,"3":15,"4":0,"5":1,"6":1,"7":1},"b":{"0":[1,4],"1":[1,4],"2":[5,1],"3":[1,4],"4":[5,1],"5":[2,3],"6":[5,4,4],"7":[15,2],"8":[15,3],"9":[15,15],"10":[15,15],"11":[15,15],"12":[15,15],"13":[15,15],"14":[15,15],"15":[15,15],"16":[15,15,15],"17":[1,14],"18":[1,14]}}
,"/Users/yoann/dev/weekly-picture-selector/src/renderer/components/PhotoGrid.tsx": {"path":"/Users/yoann/dev/weekly-picture-selector/src/renderer/components/PhotoGrid.tsx","statementMap":{"0":{"start":{"line":10,"column":0},"end":{"line":10,"column":16}},"1":{"start":{"line":1,"column":0},"end":{"line":1,"column":26}},"2":{"start":{"line":11,"column":2},"end":{"line":32,"column":3}},"3":{"start":{"line":12,"column":4},"end":{"line":31,"column":6}},"4":{"start":{"line":34,"column":2},"end":{"line":116,"column":4}},"5":{"start":{"line":37,"column":8},"end":{"line":38,"column":null}},"6":{"start":{"line":42,"column":25},"end":{"line":42,"column":44}},"7":{"start":{"line":73,"column":14},"end":{"line":73,"column":34}},"8":{"start":{"line":74,"column":14},"end":{"line":74,"column":41}}},"fnMap":{"0":{"name":"PhotoGrid","decl":{"start":{"line":10,"column":16},"end":{"line":10,"column":25}},"loc":{"start":{"line":10,"column":84},"end":{"line":117,"column":1}}},"1":{"name":"(anonymous_2)","decl":{"start":{"line":36,"column":18},"end":{"line":36,"column":19}},"loc":{"start":{"line":37,"column":8},"end":{"line":38,"column":null}}},"2":{"name":"(anonymous_3)","decl":{"start":{"line":42,"column":19},"end":{"line":42,"column":22}},"loc":{"start":{"line":42,"column":25},"end":{"line":42,"column":44}}},"3":{"name":"(anonymous_4)","decl":{"start":{"line":72,"column":21},"end":{"line":72,"column":22}},"loc":{"start":{"line":72,"column":27},"end":{"line":75,"column":13}}}},"branchMap":{"0":{"loc":{"start":{"line":11,"column":2},"end":{"line":32,"column":3}},"type":"if","locations":[{"start":{"line":11,"column":2},"end":{"line":32,"column":3}},{"start":{},"end":{}}]},"1":{"loc":{"start":{"line":40,"column":12},"end":{"line":40,"column":null}},"type":"cond-expr","locations":[{"start":{"line":40,"column":31},"end":{"line":40,"column":65}},{"start":{"line":40,"column":68},"end":{"line":40,"column":null}}]},"2":{"loc":{"start":{"line":45,"column":11},"end":{"line":67,"column":null}},"type":"cond-expr","locations":[{"start":{"line":46,"column":12},"end":{"line":50,"column":null}},{"start":{"line":53,"column":12},"end":{"line":66,"column":null}}]},"3":{"loc":{"start":{"line":80,"column":16},"end":{"line":80,"column":null}},"type":"cond-expr","locations":[{"start":{"line":80,"column":35},"end":{"line":80,"column":68}},{"start":{"line":80,"column":71},"end":{"line":80,"column":null}}]},"4":{"loc":{"start":{"line":82,"column":20},"end":{"line":82,"column":62}},"type":"cond-expr","locations":[{"start":{"line":82,"column":39},"end":{"line":82,"column":53}},{"start":{"line":82,"column":56},"end":{"line":82,"column":62}}]},"5":{"loc":{"start":{"line":96,"column":11},"end":{"line":101,"column":null}},"type":"binary-expr","locations":[{"start":{"line":96,"column":11},"end":{"line":96,"column":27}},{"start":{"line":97,"column":12},"end":{"line":100,"column":null}}]},"6":{"loc":{"start":{"line":107,"column":13},"end":{"line":110,"column":null}},"type":"binary-expr","locations":[{"start":{"line":107,"column":13},"end":{"line":107,"column":30}},{"start":{"line":108,"column":14},"end":{"line":109,"column":null}}]}},"s":{"0":1,"1":1,"2":7,"3":1,"4":6,"5":12,"6":1,"7":1,"8":1},"f":{"0":7,"1":12,"2":1,"3":1},"b":{"0":[1,6],"1":[6,6],"2":[12,0],"3":[6,6],"4":[6,6],"5":[12,6],"6":[12,12]}}
,"/Users/yoann/dev/weekly-picture-selector/src/renderer/components/WeekSidebar.tsx": {"path":"/Users/yoann/dev/weekly-picture-selector/src/renderer/components/WeekSidebar.tsx","statementMap":{"0":{"start":{"line":10,"column":0},"end":{"line":10,"column":16}},"1":{"start":{"line":1,"column":0},"end":{"line":1,"column":26}},"2":{"start":{"line":11,"column":2},"end":{"line":100,"column":4}},"3":{"start":{"line":20,"column":25},"end":{"line":20,"column":43}},"4":{"start":{"line":32,"column":36},"end":{"line":32,"column":86}},"5":{"start":{"line":34,"column":10},"end":{"line":96,"column":12}},"6":{"start":{"line":44,"column":31},"end":{"line":44,"column":49}}},"fnMap":{"0":{"name":"WeekSidebar","decl":{"start":{"line":10,"column":16},"end":{"line":10,"column":27}},"loc":{"start":{"line":10,"column":83},"end":{"line":101,"column":1}}},"1":{"name":"(anonymous_2)","decl":{"start":{"line":20,"column":19},"end":{"line":20,"column":22}},"loc":{"start":{"line":20,"column":25},"end":{"line":20,"column":43}}},"2":{"name":"(anonymous_3)","decl":{"start":{"line":30,"column":19},"end":{"line":30,"column":20}},"loc":{"start":{"line":30,"column":35},"end":{"line":97,"column":9}}},"3":{"name":"(anonymous_4)","decl":{"start":{"line":44,"column":25},"end":{"line":44,"column":28}},"loc":{"start":{"line":44,"column":31},"end":{"line":44,"column":49}}}},"branchMap":{"0":{"loc":{"start":{"line":22,"column":12},"end":{"line":24,"column":null}},"type":"cond-expr","locations":[{"start":{"line":23,"column":16},"end":{"line":23,"column":55}},{"start":{"line":24,"column":16},"end":{"line":24,"column":null}}]},"1":{"loc":{"start":{"line":32,"column":36},"end":{"line":32,"column":86}},"type":"binary-expr","locations":[{"start":{"line":32,"column":36},"end":{"line":32,"column":47}},{"start":{"line":32,"column":51},"end":{"line":32,"column":86}}]},"2":{"loc":{"start":{"line":36,"column":15},"end":{"line":41,"column":null}},"type":"binary-expr","locations":[{"start":{"line":36,"column":15},"end":{"line":36,"column":32}},{"start":{"line":37,"column":16},"end":{"line":40,"column":null}}]},"3":{"loc":{"start":{"line":46,"column":18},"end":{"line":48,"column":null}},"type":"cond-expr","locations":[{"start":{"line":47,"column":22},"end":{"line":47,"column":61}},{"start":{"line":48,"column":22},"end":{"line":48,"column":null}}]},"4":{"loc":{"start":{"line":46,"column":18},"end":{"line":46,"column":98}},"type":"binary-expr","locations":[{"start":{"line":46,"column":18},"end":{"line":46,"column":50}},{"start":{"line":46,"column":54},"end":{"line":46,"column":98}}]},"5":{"loc":{"start":{"line":60,"column":21},"end":{"line":90,"column":null}},"type":"binary-expr","locations":[{"start":{"line":60,"column":21},"end":{"line":60,"column":43}},{"start":{"line":61,"column":22},"end":{"line":89,"column":null}}]},"6":{"loc":{"start":{"line":63,"column":26},"end":{"line":63,"column":null}},"type":"cond-expr","locations":[{"start":{"line":63,"column":51},"end":{"line":63,"column":68}},{"start":{"line":63,"column":71},"end":{"line":63,"column":null}}]},"7":{"loc":{"start":{"line":65,"column":31},"end":{"line":65,"column":120}},"type":"cond-expr","locations":[{"start":{"line":65,"column":56},"end":{"line":65,"column":108}},{"start":{"line":65,"column":111},"end":{"line":65,"column":120}}]},"8":{"loc":{"start":{"line":75,"column":25},"end":{"line":88,"column":null}},"type":"binary-expr","locations":[{"start":{"line":75,"column":25},"end":{"line":75,"column":47}},{"start":{"line":76,"column":26},"end":{"line":87,"column":null}}]}},"s":{"0":1,"1":1,"2":11,"3":1,"4":33,"5":33,"6":1},"f":{"0":11,"1":1,"2":33,"3":1},"b":{"0":[9,2],"1":[33,22],"2":[33,22],"3":[2,31],"4":[33,4],"5":[33,22],"6":[11,11],"7":[11,11],"8":[22,11]}}
,"/Users/yoann/dev/weekly-picture-selector/src/renderer/hooks/usePhotos.ts": {"path":"/Users/yoann/dev/weekly-picture-selector/src/renderer/hooks/usePhotos.ts","statementMap":{"0":{"start":{"line":4,"column":0},"end":{"line":4,"column":16}},"1":{"start":{"line":1,"column":0},"end":{"line":1,"column":57}},"2":{"start":{"line":5,"column":30},"end":{"line":5,"column":51}},"3":{"start":{"line":6,"column":32},"end":{"line":6,"column":47}},"4":{"start":{"line":7,"column":42},"end":{"line":7,"column":77}},"5":{"start":{"line":8,"column":52},"end":{"line":8,"column":81}},"6":{"start":{"line":11,"column":2},"end":{"line":18,"column":9}},"7":{"start":{"line":12,"column":4},"end":{"line":17,"column":7}},"8":{"start":{"line":13,"column":6},"end":{"line":13,"column":32}},"9":{"start":{"line":14,"column":6},"end":{"line":16,"column":7}},"10":{"start":{"line":15,"column":8},"end":{"line":15,"column":21}},"11":{"start":{"line":20,"column":21},"end":{"line":30,"column":8}},"12":{"start":{"line":21,"column":4},"end":{"line":29,"column":5}},"13":{"start":{"line":22,"column":6},"end":{"line":22,"column":23}},"14":{"start":{"line":23,"column":27},"end":{"line":23,"column":63}},"15":{"start":{"line":24,"column":6},"end":{"line":24,"column":30}},"16":{"start":{"line":26,"column":6},"end":{"line":26,"column":53}},"17":{"start":{"line":28,"column":6},"end":{"line":28,"column":24}},"18":{"start":{"line":32,"column":26},"end":{"line":47,"column":8}},"19":{"start":{"line":33,"column":22},"end":{"line":33,"column":64}},"20":{"start":{"line":34,"column":4},"end":{"line":46,"column":5}},"21":{"start":{"line":35,"column":6},"end":{"line":35,"column":38}},"22":{"start":{"line":36,"column":6},"end":{"line":36,"column":23}},"23":{"start":{"line":37,"column":6},"end":{"line":37,"column":101}},"24":{"start":{"line":39,"column":6},"end":{"line":45,"column":7}},"25":{"start":{"line":40,"column":8},"end":{"line":40,"column":55}},"26":{"start":{"line":42,"column":8},"end":{"line":42,"column":55}},"27":{"start":{"line":43,"column":8},"end":{"line":43,"column":26}},"28":{"start":{"line":44,"column":8},"end":{"line":44,"column":30}},"29":{"start":{"line":49,"column":25},"end":{"line":62,"column":8}},"30":{"start":{"line":50,"column":4},"end":{"line":61,"column":5}},"31":{"start":{"line":51,"column":22},"end":{"line":51,"column":70}},"32":{"start":{"line":52,"column":6},"end":{"line":58,"column":7}},"33":{"start":{"line":53,"column":8},"end":{"line":57,"column":10}},"34":{"start":{"line":54,"column":10},"end":{"line":55,"column":null}},"35":{"start":{"line":55,"column":12},"end":{"line":55,"column":86}},"36":{"start":{"line":60,"column":6},"end":{"line":60,"column":57}},"37":{"start":{"line":64,"column":2},"end":{"line":72,"column":4}}},"fnMap":{"0":{"name":"usePhotos","decl":{"start":{"line":4,"column":16},"end":{"line":4,"column":25}},"loc":{"start":{"line":4,"column":25},"end":{"line":73,"column":1}}},"1":{"name":"(anonymous_1)","decl":{"start":{"line":11,"column":12},"end":{"line":11,"column":15}},"loc":{"start":{"line":11,"column":17},"end":{"line":18,"column":3}}},"2":{"name":"(anonymous_2)","decl":{"start":{"line":12,"column":38},"end":{"line":12,"column":39}},"loc":{"start":{"line":12,"column":65},"end":{"line":17,"column":5}}},"3":{"name":"(anonymous_3)","decl":{"start":{"line":20,"column":33},"end":{"line":20,"column":38}},"loc":{"start":{"line":20,"column":44},"end":{"line":30,"column":3}}},"4":{"name":"(anonymous_4)","decl":{"start":{"line":32,"column":38},"end":{"line":32,"column":43}},"loc":{"start":{"line":32,"column":49},"end":{"line":47,"column":3}}},"5":{"name":"(anonymous_5)","decl":{"start":{"line":49,"column":37},"end":{"line":49,"column":42}},"loc":{"start":{"line":49,"column":63},"end":{"line":62,"column":3}}},"6":{"name":"(anonymous_6)","decl":{"start":{"line":53,"column":18},"end":{"line":53,"column":28}},"loc":{"start":{"line":54,"column":10},"end":{"line":55,"column":null}}},"7":{"name":"(anonymous_7)","decl":{"start":{"line":54,"column":25},"end":{"line":54,"column":30}},"loc":{"start":{"line":55,"column":12},"end":{"line":55,"column":86}}}},"branchMap":{"0":{"loc":{"start":{"line":14,"column":6},"end":{"line":16,"column":7}},"type":"if","locations":[{"start":{"line":14,"column":6},"end":{"line":16,"column":7}},{"start":{},"end":{}}]},"1":{"loc":{"start":{"line":34,"column":4},"end":{"line":46,"column":5}},"type":"if","locations":[{"start":{"line":34,"column":4},"end":{"line":46,"column":5}},{"start":{},"end":{}}]},"2":{"loc":{"start":{"line":52,"column":6},"end":{"line":58,"column":7}},"type":"if","locations":[{"start":{"line":52,"column":6},"end":{"line":58,"column":7}},{"start":{},"end":{}}]},"3":{"loc":{"start":{"line":55,"column":12},"end":{"line":55,"column":86}},"type":"cond-expr","locations":[{"start":{"line":55,"column":35},"end":{"line":55,"column":78}},{"start":{"line":55,"column":81},"end":{"line":55,"column":86}}]}},"s":{"0":0,"1":0,"2":0,"3":0,"4":0,"5":0,"6":0,"7":0,"8":0,"9":0,"10":0,"11":0,"12":0,"13":0,"14":0,"15":0,"16":0,"17":0,"18":0,"19":0,"20":0,"21":0,"22":0,"23":0,"24":0,"25":0,"26":0,"27":0,"28":0,"29":0,"30":0,"31":0,"32":0,"33":0,"34":0,"35":0,"36":0,"37":0},"f":{"0":0,"1":0,"2":0,"3":0,"4":0,"5":0,"6":0,"7":0},"b":{"0":[0,0],"1":[0,0],"2":[0,0],"3":[0,0]}}
}
