TN:
SF:src/main/database.ts
FN:8,initDatabase
FN:21,createTables
FN:81,getDatabase
FN:88,closeDatabase
FN:96,insertPhoto
FN:122,getAllPhotos
FN:134,getPhotosByWeek
FN:148,toggleFavorite
FN:162,getFavoritePhotos
FN:175,clearAllPhotos
FN:181,rowToPhoto
FNF:11
FNH:0
FNDA:0,initDatabase
FNDA:0,createTables
FNDA:0,getDatabase
FNDA:0,closeDatabase
FNDA:0,insertPhoto
FNDA:0,getAllPhotos
FNDA:0,getPhotosByWeek
FNDA:0,toggleFavorite
FNDA:0,getFavoritePhotos
FNDA:0,clearAllPhotos
FNDA:0,rowToPhoto
DA:1,0
DA:2,0
DA:3,0
DA:6,0
DA:8,0
DA:9,0
DA:10,0
DA:12,0
DA:13,0
DA:16,0
DA:18,0
DA:22,0
DA:25,0
DA:43,0
DA:50,0
DA:63,0
DA:73,0
DA:81,0
DA:82,0
DA:83,0
DA:85,0
DA:88,0
DA:89,0
DA:90,0
DA:91,0
DA:96,0
DA:97,0
DA:99,0
DA:106,0
DA:119,0
DA:122,0
DA:123,0
DA:125,0
DA:129,0
DA:131,0
DA:134,0
DA:135,0
DA:137,0
DA:143,0
DA:145,0
DA:148,0
DA:149,0
DA:151,0
DA:157,0
DA:159,0
DA:162,0
DA:163,0
DA:165,0
DA:170,0
DA:172,0
DA:175,0
DA:176,0
DA:177,0
DA:182,0
LF:54
LH:0
BRDA:22,0,0,0
BRDA:22,0,1,0
BRDA:82,1,0,0
BRDA:82,1,1,0
BRDA:89,2,0,0
BRDA:89,2,1,0
BRDA:109,3,0,0
BRDA:109,3,1,0
BRDA:112,4,0,0
BRDA:112,4,1,0
BRDA:114,5,0,0
BRDA:114,5,1,0
BRDA:116,6,0,0
BRDA:116,6,1,0
BRDA:186,7,0,0
BRDA:186,7,1,0
BRDA:189,8,0,0
BRDA:189,8,1,0
BRF:18
BRH:0
end_of_record
TN:
SF:src/main/scanner.ts
FN:19,scanDirectory
FN:53,collectFiles
FN:82,processPhoto
FN:158,formatShutterSpeed
FN:169,getWeekNumber
FNF:5
FNH:1
FNDA:0,scanDirectory
FNDA:0,collectFiles
FNDA:0,processPhoto
FNDA:0,formatShutterSpeed
FNDA:11,getWeekNumber
DA:1,1
DA:2,1
DA:3,1
DA:6,1
DA:19,1
DA:23,0
DA:24,0
DA:27,0
DA:29,0
DA:30,0
DA:33,0
DA:34,0
DA:35,0
DA:37,0
DA:38,0
DA:39,0
DA:40,0
DA:43,0
DA:47,0
DA:54,0
DA:55,0
DA:57,0
DA:58,0
DA:61,0
DA:62,0
DA:65,0
DA:66,0
DA:67,0
DA:68,0
DA:69,0
DA:70,0
DA:75,0
DA:86,0
DA:87,0
DA:88,0
DA:89,0
DA:92,0
DA:93,0
DA:95,0
DA:96,0
DA:113,0
DA:115,0
DA:118,0
DA:133,0
DA:137,0
DA:138,0
DA:139,0
DA:142,0
DA:150,0
DA:151,0
DA:159,0
DA:160,0
DA:162,0
DA:163,0
DA:169,1
DA:170,11
DA:171,11
DA:172,11
DA:173,11
DA:174,11
DA:175,11
LF:61
LH:12
BRDA:39,0,0,0
BRDA:39,0,1,0
BRDA:61,1,0,0
BRDA:61,1,1,0
BRDA:65,2,0,0
BRDA:65,2,1,0
BRDA:67,3,0,0
BRDA:67,3,1,0
BRDA:69,4,0,0
BRDA:69,4,1,0
BRDA:89,5,0,0
BRDA:89,5,1,0
BRDA:113,6,0,0
BRDA:113,6,1,0
BRDA:115,7,0,0
BRDA:115,7,1,0
BRDA:115,7,2,0
BRDA:119,8,0,0
BRDA:119,8,1,0
BRDA:119,9,0,0
BRDA:119,9,1,0
BRDA:122,10,0,0
BRDA:122,10,1,0
BRDA:123,11,0,0
BRDA:123,11,1,0
BRDA:137,12,0,0
BRDA:137,12,1,0
BRDA:159,13,0,0
BRDA:159,13,1,0
BRDA:171,14,0,11
BRDA:171,14,1,4
BRF:31
BRH:2
end_of_record
TN:
SF:src/main/thumbnail.ts
FN:16,getThumbnailCacheDir
FN:31,getPhotoHash
FN:38,generateThumbnail
FN:81,generateThumbnails
FN:94,(anonymous_5)
FN:102,(anonymous_6)
FN:115,clearThumbnailCache
FN:119,(anonymous_8)
FN:128,getCacheSize
FN:136,(anonymous_10)
FNF:10
FNH:0
FNDA:0,getThumbnailCacheDir
FNDA:0,getPhotoHash
FNDA:0,generateThumbnail
FNDA:0,generateThumbnails
FNDA:0,(anonymous_5)
FNDA:0,(anonymous_6)
FNDA:0,clearThumbnailCache
FNDA:0,(anonymous_8)
FNDA:0,getCacheSize
FNDA:0,(anonymous_10)
DA:1,0
DA:2,0
DA:3,0
DA:4,0
DA:5,0
DA:7,0
DA:16,0
DA:17,0
DA:18,0
DA:21,0
DA:22,0
DA:25,0
DA:32,0
DA:38,0
DA:43,0
DA:44,0
DA:46,0
DA:47,0
DA:48,0
DA:49,0
DA:52,0
DA:53,0
DA:57,0
DA:59,0
DA:71,0
DA:73,0
DA:74,0
DA:81,0
DA:86,0
DA:87,0
DA:88,0
DA:91,0
DA:92,0
DA:93,0
DA:94,0
DA:95,0
DA:96,0
DA:97,0
DA:98,0
DA:101,0
DA:102,0
DA:103,0
DA:104,0
DA:109,0
DA:115,0
DA:116,0
DA:117,0
DA:118,0
DA:119,0
DA:120,0
DA:128,0
DA:129,0
DA:130,0
DA:131,0
DA:134,0
DA:135,0
DA:136,0
DA:137,0
DA:138,0
DA:141,0
LF:60
LH:0
BRDA:21,0,0,0
BRDA:21,0,1,0
BRDA:40,1,0,0
BRDA:52,2,0,0
BRDA:52,2,1,0
BRDA:83,3,0,0
BRDA:103,4,0,0
BRDA:103,4,1,0
BRDA:117,5,0,0
BRDA:117,5,1,0
BRDA:130,6,0,0
BRDA:130,6,1,0
BRF:12
BRH:0
end_of_record
TN:
SF:src/renderer/App.tsx
FN:9,App
FN:23,(anonymous_10)
FN:26,(anonymous_11)
FN:52,(anonymous_12)
FN:59,(anonymous_13)
FN:65,(anonymous_14)
FN:67,(anonymous_15)
FN:70,(anonymous_16)
FN:76,(anonymous_17)
FN:82,(anonymous_18)
FN:83,(anonymous_19)
FN:153,(anonymous_20)
FNF:12
FNH:0
FNDA:0,App
FNDA:0,(anonymous_10)
FNDA:0,(anonymous_11)
FNDA:0,(anonymous_12)
FNDA:0,(anonymous_13)
FNDA:0,(anonymous_14)
FNDA:0,(anonymous_15)
FNDA:0,(anonymous_16)
FNDA:0,(anonymous_17)
FNDA:0,(anonymous_18)
FNDA:0,(anonymous_19)
FNDA:0,(anonymous_20)
DA:1,0
DA:2,0
DA:3,0
DA:4,0
DA:5,0
DA:6,0
DA:17,0
DA:19,0
DA:20,0
DA:23,0
DA:24,0
DA:26,0
DA:27,0
DA:28,0
DA:29,0
DA:31,0
DA:32,0
DA:33,0
DA:35,0
DA:44,0
DA:45,0
DA:46,0
DA:47,0
DA:52,0
DA:53,0
DA:54,0
DA:59,0
DA:60,0
DA:61,0
DA:65,0
DA:66,0
DA:67,0
DA:70,0
DA:71,0
DA:72,0
DA:76,0
DA:77,0
DA:78,0
DA:82,0
DA:83,0
DA:86,0
DA:153,0
DA:163,0
LF:43
LH:0
BRDA:27,0,0,0
BRDA:27,0,1,0
BRDA:27,1,0,0
BRDA:27,1,1,0
BRDA:29,2,0,0
BRDA:29,2,1,0
BRDA:46,3,0,0
BRDA:46,3,1,0
BRDA:53,4,0,0
BRDA:53,4,1,0
BRDA:60,5,0,0
BRDA:60,5,1,0
BRDA:66,6,0,0
BRDA:66,6,1,0
BRDA:71,7,0,0
BRDA:71,7,1,0
BRDA:77,8,0,0
BRDA:77,8,1,0
BRDA:99,9,0,0
BRDA:99,9,1,0
BRDA:108,10,0,0
BRDA:108,10,1,0
BRDA:132,11,0,0
BRDA:132,11,1,0
BRDA:132,12,0,0
BRDA:132,12,1,0
BRDA:150,13,0,0
BRDA:150,13,1,0
BRDA:154,14,0,0
BRDA:154,14,1,0
BRDA:155,15,0,0
BRDA:155,15,1,0
BRF:32
BRH:0
end_of_record
TN:
SF:src/renderer/main.tsx
FNF:0
FNH:0
DA:1,0
DA:2,0
DA:3,0
DA:4,0
DA:6,0
LF:5
LH:0
BRF:0
BRH:0
end_of_record
TN:
SF:src/renderer/components/Header.tsx
FN:12,Header
FNF:1
FNH:0
FNDA:0,Header
DA:1,0
DA:12,0
DA:19,0
LF:3
LH:0
BRDA:24,0,0,0
BRDA:24,0,1,0
BRDA:33,1,0,0
BRDA:33,1,1,0
BRDA:38,2,0,0
BRDA:38,2,1,0
BRDA:55,3,0,0
BRDA:55,3,1,0
BRDA:61,4,0,0
BRDA:61,4,1,0
BRDA:65,5,0,0
BRDA:65,5,1,0
BRDA:66,6,0,0
BRDA:66,6,1,0
BRDA:67,7,0,0
BRDA:67,7,1,0
BRDA:68,8,0,0
BRDA:68,8,1,0
BRDA:80,9,0,0
BRDA:80,9,1,0
BRF:20
BRH:0
end_of_record
TN:
SF:src/renderer/components/Lightbox.tsx
FN:12,Lightbox
FN:13,(anonymous_10)
FN:14,(anonymous_11)
FN:25,(anonymous_12)
FN:51,(anonymous_13)
FN:66,(anonymous_14)
FN:79,(anonymous_15)
FN:139,(anonymous_16)
FNF:8
FNH:7
FNDA:15,Lightbox
FNDA:15,(anonymous_10)
FNDA:5,(anonymous_11)
FNDA:15,(anonymous_12)
FNDA:0,(anonymous_13)
FNDA:1,(anonymous_14)
FNDA:1,(anonymous_15)
FNDA:1,(anonymous_16)
DA:1,1
DA:12,1
DA:13,15
DA:14,15
DA:15,5
DA:16,5
DA:17,5
DA:18,5
DA:19,2
DA:20,2
DA:24,15
DA:25,15
DA:28,15
DA:52,0
DA:53,0
DA:67,1
DA:68,1
DA:79,1
DA:139,1
LF:19
LH:17
BRDA:15,0,0,1
BRDA:15,0,1,4
BRDA:16,1,0,1
BRDA:16,1,1,4
BRDA:16,2,0,5
BRDA:16,2,1,1
BRDA:17,3,0,1
BRDA:17,3,1,4
BRDA:17,4,0,5
BRDA:17,4,1,1
BRDA:18,5,0,2
BRDA:18,5,1,3
BRDA:18,6,0,5
BRDA:18,6,1,4
BRDA:18,6,2,4
BRDA:49,7,0,15
BRDA:49,7,1,2
BRDA:64,8,0,15
BRDA:64,8,1,3
BRDA:92,9,0,15
BRDA:92,9,1,15
BRDA:98,10,0,15
BRDA:98,10,1,15
BRDA:103,11,0,15
BRDA:103,11,1,15
BRDA:108,12,0,15
BRDA:108,12,1,15
BRDA:113,13,0,15
BRDA:113,13,1,15
BRDA:118,14,0,15
BRDA:118,14,1,15
BRDA:123,15,0,15
BRDA:123,15,1,15
BRDA:128,16,0,15
BRDA:128,16,1,15
BRDA:128,16,2,15
BRDA:144,17,0,1
BRDA:144,17,1,14
BRDA:146,18,0,1
BRDA:146,18,1,14
BRF:40
BRH:40
end_of_record
TN:
SF:src/renderer/components/PhotoGrid.tsx
FN:10,PhotoGrid
FN:36,(anonymous_2)
FN:42,(anonymous_3)
FN:72,(anonymous_4)
FNF:4
FNH:4
FNDA:7,PhotoGrid
FNDA:12,(anonymous_2)
FNDA:1,(anonymous_3)
FNDA:1,(anonymous_4)
DA:1,1
DA:10,1
DA:11,7
DA:12,1
DA:34,6
DA:37,12
DA:42,1
DA:73,1
DA:74,1
LF:9
LH:9
BRDA:11,0,0,1
BRDA:11,0,1,6
BRDA:40,1,0,6
BRDA:40,1,1,6
BRDA:45,2,0,12
BRDA:45,2,1,0
BRDA:80,3,0,6
BRDA:80,3,1,6
BRDA:82,4,0,6
BRDA:82,4,1,6
BRDA:96,5,0,12
BRDA:96,5,1,6
BRDA:107,6,0,12
BRDA:107,6,1,12
BRF:14
BRH:13
end_of_record
TN:
SF:src/renderer/components/WeekSidebar.tsx
FN:10,WeekSidebar
FN:20,(anonymous_2)
FN:30,(anonymous_3)
FN:44,(anonymous_4)
FNF:4
FNH:4
FNDA:11,WeekSidebar
FNDA:1,(anonymous_2)
FNDA:33,(anonymous_3)
FNDA:1,(anonymous_4)
DA:1,1
DA:10,1
DA:11,11
DA:20,1
DA:32,33
DA:34,33
DA:44,1
LF:7
LH:7
BRDA:22,0,0,9
BRDA:22,0,1,2
BRDA:32,1,0,33
BRDA:32,1,1,22
BRDA:36,2,0,33
BRDA:36,2,1,22
BRDA:46,3,0,2
BRDA:46,3,1,31
BRDA:46,4,0,33
BRDA:46,4,1,4
BRDA:60,5,0,33
BRDA:60,5,1,22
BRDA:63,6,0,11
BRDA:63,6,1,11
BRDA:65,7,0,11
BRDA:65,7,1,11
BRDA:75,8,0,22
BRDA:75,8,1,11
BRF:18
BRH:18
end_of_record
TN:
SF:src/renderer/hooks/usePhotos.ts
FN:4,usePhotos
FN:11,(anonymous_1)
FN:12,(anonymous_2)
FN:20,(anonymous_3)
FN:32,(anonymous_4)
FN:49,(anonymous_5)
FN:53,(anonymous_6)
FN:54,(anonymous_7)
FNF:8
FNH:0
FNDA:0,usePhotos
FNDA:0,(anonymous_1)
FNDA:0,(anonymous_2)
FNDA:0,(anonymous_3)
FNDA:0,(anonymous_4)
FNDA:0,(anonymous_5)
FNDA:0,(anonymous_6)
FNDA:0,(anonymous_7)
DA:1,0
DA:4,0
DA:5,0
DA:6,0
DA:7,0
DA:8,0
DA:11,0
DA:12,0
DA:13,0
DA:14,0
DA:15,0
DA:20,0
DA:21,0
DA:22,0
DA:23,0
DA:24,0
DA:26,0
DA:28,0
DA:32,0
DA:33,0
DA:34,0
DA:35,0
DA:36,0
DA:37,0
DA:39,0
DA:40,0
DA:42,0
DA:43,0
DA:44,0
DA:49,0
DA:50,0
DA:51,0
DA:52,0
DA:53,0
DA:54,0
DA:55,0
DA:60,0
DA:64,0
LF:38
LH:0
BRDA:14,0,0,0
BRDA:14,0,1,0
BRDA:34,1,0,0
BRDA:34,1,1,0
BRDA:52,2,0,0
BRDA:52,2,1,0
BRDA:55,3,0,0
BRDA:55,3,1,0
BRF:8
BRH:0
end_of_record
